{
  "stats": {
    "suites": 1,
    "tests": 1,
    "passes": 0,
    "pending": 0,
    "failures": 1,
    "start": "2024-07-05T13:51:31.201Z",
    "end": "2024-07-05T13:51:31.394Z",
    "duration": 193,
    "testsRegistered": 2,
    "passPercent": 0,
    "pendingPercent": 0,
    "other": 0,
    "hasOther": false,
    "skipped": 1,
    "hasSkipped": true
  },
  "results": [
    {
      "uuid": "2a0e844f-3063-4e65-bf1f-ecd18cde5c18",
      "title": "",
      "fullFile": "cypress\\e2e\\test\\test3.cy.js",
      "file": "cypress\\e2e\\test\\test3.cy.js",
      "beforeHooks": [],
      "afterHooks": [],
      "tests": [],
      "suites": [
        {
          "uuid": "4a832e1e-66c3-4c33-9d0f-ac11dd7c0939",
          "title": "test suit",
          "fullFile": "",
          "file": "",
          "beforeHooks": [],
          "afterHooks": [],
          "tests": [
            {
              "title": "test url",
              "fullTitle": "test suit test url",
              "timedOut": null,
              "duration": 145,
              "state": "failed",
              "speed": null,
              "pass": false,
              "fail": true,
              "pending": false,
              "context": null,
              "code": "cy.url().should('include', 'sale');\ncy.url().should('eq', 'https://www.google.com/');",
              "err": {
                "message": "CypressError: `cy.visit()` must be called with a `url` or an `options` object containing a `url` as its 1st argument\n\nhttps://on.cypress.io/visit\n\nBecause this error occurred during a `before each` hook we are skipping the remaining tests in the current suite: `test suit`",
                "estack": "CypressError: `cy.visit()` must be called with a `url` or an `options` object containing a `url` as its 1st argument\n\nhttps://on.cypress.io/visit\n\nBecause this error occurred during a `before each` hook we are skipping the remaining tests in the current suite: `test suit`\n    at Context.visit (http://localhost:63606/__cypress/runner/cypress_runner.js:131130:70)\n    at wrapped (http://localhost:63606/__cypress/runner/cypress_runner.js:137986:43)\nFrom Your Spec Code:\n    at Context.eval (webpack://wildtestautomation/./cypress/e2e/test/test3.cy.js:7:11)",
                "diff": null
              },
              "uuid": "f471bb4f-2beb-46db-9a73-edc73615527b",
              "parentUUID": "4a832e1e-66c3-4c33-9d0f-ac11dd7c0939",
              "isHook": false,
              "skipped": false
            },
            {
              "title": "test title",
              "fullTitle": "test suit test title",
              "timedOut": null,
              "duration": 0,
              "state": "skipped",
              "speed": null,
              "pass": false,
              "fail": false,
              "pending": false,
              "context": null,
              "code": "cy.url().should('include', 'sale');\ncy.title().should('eq', 'erisale');",
              "err": {},
              "uuid": "3447ae60-fa93-4e2b-b272-7f27b9bb47e4",
              "parentUUID": "4a832e1e-66c3-4c33-9d0f-ac11dd7c0939",
              "isHook": false,
              "skipped": true
            }
          ],
          "suites": [],
          "passes": [],
          "failures": [
            "f471bb4f-2beb-46db-9a73-edc73615527b"
          ],
          "pending": [],
          "skipped": [
            "3447ae60-fa93-4e2b-b272-7f27b9bb47e4"
          ],
          "duration": 145,
          "root": false,
          "rootEmpty": false,
          "_timeout": 2000
        }
      ],
      "passes": [],
      "failures": [],
      "pending": [],
      "skipped": [],
      "duration": 0,
      "root": true,
      "rootEmpty": true,
      "_timeout": 2000
    }
  ],
  "meta": {
    "mocha": {
      "version": "7.0.1"
    },
    "mochawesome": {
      "options": {
        "quiet": false,
        "reportFilename": "aggregated-report.html",
        "saveHtml": false,
        "saveJson": true,
        "consoleReporter": "spec",
        "useInlineDiffs": false,
        "code": true
      },
      "version": "7.1.3"
    },
    "marge": {
      "options": {
        "reportDir": "cypress\\reports\\html\\.jsons",
        "overwrite": false,
        "html": false,
        "json": true,
        "charts": true,
        "reportFilename": "aggregated-report.html",
        "reportTitle": "Cypress Image Upload Test Report"
      },
      "version": "6.2.0"
    }
  }
}