{
  "stats": {
    "suites": 1,
    "tests": 1,
    "passes": 0,
    "pending": 0,
    "failures": 1,
    "start": "2024-07-05T13:51:04.846Z",
    "end": "2024-07-05T13:51:13.673Z",
    "duration": 8827,
    "testsRegistered": 1,
    "passPercent": 0,
    "pendingPercent": 0,
    "other": 0,
    "hasOther": false,
    "skipped": 0,
    "hasSkipped": false
  },
  "results": [
    {
      "uuid": "cebe145b-02c9-46f1-91bc-7a2b31a543f5",
      "title": "",
      "fullFile": "cypress\\e2e\\test\\matengo1.cy.js",
      "file": "cypress\\e2e\\test\\matengo1.cy.js",
      "beforeHooks": [],
      "afterHooks": [],
      "tests": [],
      "suites": [
        {
          "uuid": "e83baa20-3655-44b1-9818-b22cdb3e5d50",
          "title": "MATENGO automation project",
          "fullFile": "",
          "file": "",
          "beforeHooks": [],
          "afterHooks": [],
          "tests": [
            {
              "title": "add cart",
              "fullTitle": "MATENGO automation project add cart",
              "timedOut": null,
              "duration": 6203,
              "state": "failed",
              "speed": null,
              "pass": false,
              "fail": true,
              "pending": false,
              "context": null,
              "code": "cy.visit('https://magento.softwaretestingboard.com/');\ncy.url().should('include', 'magento');\n// ● Cliquer sur \"tops\" et \ncy.get('#ui-id-5 > :nth-child(2)').trigger('mouseover');\ncy.get('#ui-id-17').click();\n//sélectionner le premier produit\ncy.get('img[alt=\"Cassius Sparring Tank\"]').should('be.visible').and('have.attr', 'src').and('include', 'mt12-blue_main_1.jpg');\ncy.get('img[alt=\"Cassius Sparring Tank\"]').click();\n// ● Choisir une taille pour le produit sélectionné\ncy.get('#option-label-size-143-item-170').should('be.visible');\ncy.get('#option-label-size-143-item-170').click();\ncy.get('#option-label-color-93-item-50').click();\ncy.get('#qty').clear().type('12');\ncy.get('#product-addtocart-button').click();\n// Locate the image element using its alt attribute\n// additional verification on the src attribute if needed\n// ● Ajouter le produit au panier\n// cy.get(':nth-child(1) > .product-item-info > .photo > .product-image-container > .product-image-wrapper > .product-image-photo').trigger('mouseover')\n// ● Consulter le panier et modifier la quantité du produit",
              "err": {
                "message": "TypeError: The following error originated from your application code, not from Cypress.\n\n  > $(...).AddFotoramaVideoEvents is not a function\n\nWhen Cypress detects uncaught errors originating from your application it will automatically fail the current test.\n\nThis behavior is configurable, and you can choose to turn this off by listening to the `uncaught:exception` event.\n\nhttps://on.cypress.io/uncaught-exception-from-application",
                "estack": "TypeError: The following error originated from your application code, not from Cypress.\n\n  > $(...).AddFotoramaVideoEvents is not a function\n\nWhen Cypress detects uncaught errors originating from your application it will automatically fail the current test.\n\nThis behavior is configurable, and you can choose to turn this off by listening to the `uncaught:exception` event.\n\nhttps://on.cypress.io/uncaught-exception-from-application\n    at $.<computed>.<computed>.updateBaseImage (https://magento.softwaretestingboard.com/pub/static/version1695896754/frontend/Magento/luma/en_US/Magento_Swatches/js/swatch-renderer.js:90:120)\n    at $.<computed>.<computed>.updateBaseImage (https://magento.softwaretestingboard.com/pub/static/version1695896754/frontend/Magento/luma/en_US/jquery/ui-modules/widget.js:14:334)\n    at $.<computed>.<computed>._loadMedia (https://magento.softwaretestingboard.com/pub/static/version1695896754/frontend/Magento/luma/en_US/Magento_Swatches/js/swatch-renderer.js:67:6)\n    at $.<computed>.<computed>._loadMedia (https://magento.softwaretestingboard.com/pub/static/version1695896754/frontend/Magento/luma/en_US/jquery/ui-modules/widget.js:14:334)\n    at $.<computed>.<computed>._OnClick (https://magento.softwaretestingboard.com/pub/static/version1695896754/frontend/Magento/luma/en_US/Magento_Swatches/js/swatch-renderer.js:71:253)\n    at $.<computed>.<computed>._OnClick (https://magento.softwaretestingboard.com/pub/static/version1695896754/frontend/Magento/luma/en_US/jquery/ui-modules/widget.js:14:334)\n    at HTMLDivElement.<anonymous> (https://magento.softwaretestingboard.com/pub/static/version1695896754/frontend/Magento/luma/en_US/Magento_Swatches/js/swatch-renderer.js:66:183)\n    at HTMLDivElement.dispatch (https://magento.softwaretestingboard.com/pub/static/version1695896754/frontend/Magento/luma/en_US/jquery.js:351:447)\n    at elemData.handle (https://magento.softwaretestingboard.com/pub/static/version1695896754/frontend/Magento/luma/en_US/jquery.js:324:172)",
                "diff": null
              },
              "uuid": "9675d634-3c23-4602-a4fe-c0e58d9c640c",
              "parentUUID": "e83baa20-3655-44b1-9818-b22cdb3e5d50",
              "isHook": false,
              "skipped": false
            }
          ],
          "suites": [],
          "passes": [],
          "failures": [
            "9675d634-3c23-4602-a4fe-c0e58d9c640c"
          ],
          "pending": [],
          "skipped": [],
          "duration": 6203,
          "root": false,
          "rootEmpty": false,
          "_timeout": 2000
        }
      ],
      "passes": [],
      "failures": [],
      "pending": [],
      "skipped": [],
      "duration": 0,
      "root": true,
      "rootEmpty": true,
      "_timeout": 2000
    }
  ],
  "meta": {
    "mocha": {
      "version": "7.0.1"
    },
    "mochawesome": {
      "options": {
        "quiet": false,
        "reportFilename": "aggregated-report.html",
        "saveHtml": false,
        "saveJson": true,
        "consoleReporter": "spec",
        "useInlineDiffs": false,
        "code": true
      },
      "version": "7.1.3"
    },
    "marge": {
      "options": {
        "reportDir": "cypress\\reports\\html\\.jsons",
        "overwrite": false,
        "html": false,
        "json": true,
        "charts": true,
        "reportFilename": "aggregated-report.html",
        "reportTitle": "Cypress Image Upload Test Report"
      },
      "version": "6.2.0"
    }
  }
}