{
  "stats": {
    "suites": 1,
    "tests": 2,
    "passes": 1,
    "pending": 0,
    "failures": 1,
    "start": "2024-07-05T13:51:17.257Z",
    "end": "2024-07-05T13:51:26.962Z",
    "duration": 9705,
    "testsRegistered": 2,
    "passPercent": 50,
    "pendingPercent": 0,
    "other": 0,
    "hasOther": false,
    "skipped": 0,
    "hasSkipped": false
  },
  "results": [
    {
      "uuid": "9d7ccf75-ebab-42c0-9600-c136f6d141a4",
      "title": "",
      "fullFile": "cypress\\e2e\\test\\test1.cy.js",
      "file": "cypress\\e2e\\test\\test1.cy.js",
      "beforeHooks": [],
      "afterHooks": [],
      "tests": [],
      "suites": [
        {
          "uuid": "7d23d97e-ffc2-4d65-b89e-d0ea2e868412",
          "title": "first cypress test",
          "fullFile": "",
          "file": "",
          "beforeHooks": [],
          "afterHooks": [],
          "tests": [
            {
              "title": "URL TEST",
              "fullTitle": "first cypress test URL TEST",
              "timedOut": null,
              "duration": 2412,
              "state": "passed",
              "speed": "fast",
              "pass": true,
              "fail": false,
              "pending": false,
              "context": null,
              "code": "cy.visit('https://www.google.com/');\ncy.url().should('include', 'google');",
              "err": {},
              "uuid": "6c951978-2d3e-4b56-9655-147f5a561858",
              "parentUUID": "7d23d97e-ffc2-4d65-b89e-d0ea2e868412",
              "isHook": false,
              "skipped": false
            },
            {
              "title": "title test",
              "fullTitle": "first cypress test title test",
              "timedOut": null,
              "duration": 5475,
              "state": "failed",
              "speed": null,
              "pass": false,
              "fail": true,
              "pending": false,
              "context": null,
              "code": "cy.visit('https://www.google.com/');\ncy.title().should('include', 'ogle');\ncy.title().should('eq', 'google');",
              "err": {
                "message": "AssertionError: Timed out retrying after 4000ms: expected 'Google' to equal 'google'",
                "estack": "AssertionError: Timed out retrying after 4000ms: expected 'Google' to equal 'google'\n    at Context.eval (webpack://wildtestautomation/./cypress/e2e/test/test1.cy.js:18:19)",
                "diff": "- 'Google'\n+ 'google'\n"
              },
              "uuid": "bcab79a5-6a62-44f2-8a5c-34657fe266d6",
              "parentUUID": "7d23d97e-ffc2-4d65-b89e-d0ea2e868412",
              "isHook": false,
              "skipped": false
            }
          ],
          "suites": [],
          "passes": [
            "6c951978-2d3e-4b56-9655-147f5a561858"
          ],
          "failures": [
            "bcab79a5-6a62-44f2-8a5c-34657fe266d6"
          ],
          "pending": [],
          "skipped": [],
          "duration": 7887,
          "root": false,
          "rootEmpty": false,
          "_timeout": 2000
        }
      ],
      "passes": [],
      "failures": [],
      "pending": [],
      "skipped": [],
      "duration": 0,
      "root": true,
      "rootEmpty": true,
      "_timeout": 2000
    }
  ],
  "meta": {
    "mocha": {
      "version": "7.0.1"
    },
    "mochawesome": {
      "options": {
        "quiet": false,
        "reportFilename": "aggregated-report.html",
        "saveHtml": false,
        "saveJson": true,
        "consoleReporter": "spec",
        "useInlineDiffs": false,
        "code": true
      },
      "version": "7.1.3"
    },
    "marge": {
      "options": {
        "reportDir": "cypress\\reports\\html\\.jsons",
        "overwrite": false,
        "html": false,
        "json": true,
        "charts": true,
        "reportFilename": "aggregated-report.html",
        "reportTitle": "Cypress Image Upload Test Report"
      },
      "version": "6.2.0"
    }
  }
}