{
  "stats": {
    "suites": 1,
    "tests": 4,
    "passes": 4,
    "pending": 0,
    "failures": 0,
    "start": "2024-07-05T13:50:39.093Z",
    "end": "2024-07-05T13:51:03.106Z",
    "duration": 24013,
    "testsRegistered": 4,
    "passPercent": 100,
    "pendingPercent": 0,
    "other": 0,
    "hasOther": false,
    "skipped": 0,
    "hasSkipped": false
  },
  "results": [
    {
      "uuid": "8daba431-fbca-4c74-8bce-7c935e1a8282",
      "title": "",
      "fullFile": "cypress\\e2e\\test\\gP.cy.js",
      "file": "cypress\\e2e\\test\\gP.cy.js",
      "beforeHooks": [],
      "afterHooks": [],
      "tests": [],
      "suites": [
        {
          "uuid": "814033f2-41b2-45c9-b2cc-bdd96f13562e",
          "title": "backmarket-registeration",
          "fullFile": "",
          "file": "",
          "beforeHooks": [],
          "afterHooks": [],
          "tests": [
            {
              "title": "url test",
              "fullTitle": "backmarket-registeration url test",
              "timedOut": null,
              "duration": 13561,
              "state": "passed",
              "speed": "slow",
              "pass": true,
              "fail": false,
              "pending": false,
              "context": null,
              "code": "cy.visit('https://preprod.backmarket.fr/fr-fr/register');\ncy.url().should('include', 'market');",
              "err": {},
              "uuid": "a57071e8-b9e1-483a-a076-b05be0980286",
              "parentUUID": "814033f2-41b2-45c9-b2cc-bdd96f13562e",
              "isHook": false,
              "skipped": false
            },
            {
              "title": "title test",
              "fullTitle": "backmarket-registeration title test",
              "timedOut": null,
              "duration": 2337,
              "state": "passed",
              "speed": "fast",
              "pass": true,
              "fail": false,
              "pending": false,
              "context": null,
              "code": "cy.visit('https://preprod.backmarket.fr/fr-fr/register');\ncy.title().should('include', 'ack');\ncy.title().should('eq', 'Rejoignez Back Market | Back Market | Back Market');",
              "err": {},
              "uuid": "74a579ac-cae1-4f12-88e7-f5db0d5f2f2f",
              "parentUUID": "814033f2-41b2-45c9-b2cc-bdd96f13562e",
              "isHook": false,
              "skipped": false
            },
            {
              "title": "test accept cookies",
              "fullTitle": "backmarket-registeration test accept cookies",
              "timedOut": null,
              "duration": 1610,
              "state": "passed",
              "speed": "fast",
              "pass": true,
              "fail": false,
              "pending": false,
              "context": null,
              "code": "cy.visit('https://preprod.backmarket.fr/fr-fr/register');\ncy.get('[data-qa=\"accept-cta\"] > .MkLAMntR').click();",
              "err": {},
              "uuid": "a2d5bd46-3c68-473f-b866-030ddb3b8efb",
              "parentUUID": "814033f2-41b2-45c9-b2cc-bdd96f13562e",
              "isHook": false,
              "skipped": false
            },
            {
              "title": "inscription",
              "fullTitle": "backmarket-registeration inscription",
              "timedOut": null,
              "duration": 3670,
              "state": "passed",
              "speed": "fast",
              "pass": true,
              "fail": false,
              "pending": false,
              "context": null,
              "code": "cy.visit('https://preprod.backmarket.fr/fr-fr/register');\ncy.get('[data-qa=\"accept-cta\"] > .MkLAMntR').click();\ncy.get('#firstName').type('GALATA{enter}');\ncy.get('#lastName').type('SARAY{enter}');\ncy.get('#signup-email').type('galatasar@gmail.com{enter}');\ncy.get('#signup-password').type('verbaTim2098');\ncy.get('._2OVE0h6V').click();\ncy.get('[data-qa=\"signup-submit-button\"] > .MkLAMntR > ._2GvJDBxS').click();",
              "err": {},
              "uuid": "9a5e3b5b-91a3-4554-99ba-f4317a51cf2e",
              "parentUUID": "814033f2-41b2-45c9-b2cc-bdd96f13562e",
              "isHook": false,
              "skipped": false
            }
          ],
          "suites": [],
          "passes": [
            "a57071e8-b9e1-483a-a076-b05be0980286",
            "74a579ac-cae1-4f12-88e7-f5db0d5f2f2f",
            "a2d5bd46-3c68-473f-b866-030ddb3b8efb",
            "9a5e3b5b-91a3-4554-99ba-f4317a51cf2e"
          ],
          "failures": [],
          "pending": [],
          "skipped": [],
          "duration": 21178,
          "root": false,
          "rootEmpty": false,
          "_timeout": 2000
        }
      ],
      "passes": [],
      "failures": [],
      "pending": [],
      "skipped": [],
      "duration": 0,
      "root": true,
      "rootEmpty": true,
      "_timeout": 2000
    }
  ],
  "meta": {
    "mocha": {
      "version": "7.0.1"
    },
    "mochawesome": {
      "options": {
        "quiet": false,
        "reportFilename": "aggregated-report.html",
        "saveHtml": false,
        "saveJson": true,
        "consoleReporter": "spec",
        "useInlineDiffs": false,
        "code": true
      },
      "version": "7.1.3"
    },
    "marge": {
      "options": {
        "reportDir": "cypress\\reports\\html\\.jsons",
        "overwrite": false,
        "html": false,
        "json": true,
        "charts": true,
        "reportFilename": "aggregated-report.html",
        "reportTitle": "Cypress Image Upload Test Report"
      },
      "version": "6.2.0"
    }
  }
}