{
  "stats": {
    "suites": 1,
    "tests": 2,
    "passes": 1,
    "pending": 0,
    "failures": 1,
    "start": "2024-07-05T13:43:04.129Z",
    "end": "2024-07-05T13:43:12.633Z",
    "duration": 8504,
    "testsRegistered": 2,
    "passPercent": 50,
    "pendingPercent": 0,
    "other": 0,
    "hasOther": false,
    "skipped": 0,
    "hasSkipped": false
  },
  "results": [
    {
      "uuid": "cf2362e2-521e-4c68-b345-fb6b2fc5c26a",
      "title": "",
      "fullFile": "cypress\\e2e\\test\\test1.cy.js",
      "file": "cypress\\e2e\\test\\test1.cy.js",
      "beforeHooks": [],
      "afterHooks": [],
      "tests": [],
      "suites": [
        {
          "uuid": "a2fda4f6-93dd-4fc3-8a22-4a316f94d717",
          "title": "first cypress test",
          "fullFile": "",
          "file": "",
          "beforeHooks": [],
          "afterHooks": [],
          "tests": [
            {
              "title": "URL TEST",
              "fullTitle": "first cypress test URL TEST",
              "timedOut": null,
              "duration": 1745,
              "state": "passed",
              "speed": "fast",
              "pass": true,
              "fail": false,
              "pending": false,
              "context": null,
              "code": "cy.visit('https://www.google.com/');\ncy.url().should('include', 'google');",
              "err": {},
              "uuid": "4beb0c21-de02-42a6-bab2-3aaa3f47f0d2",
              "parentUUID": "a2fda4f6-93dd-4fc3-8a22-4a316f94d717",
              "isHook": false,
              "skipped": false
            },
            {
              "title": "title test",
              "fullTitle": "first cypress test title test",
              "timedOut": null,
              "duration": 4996,
              "state": "failed",
              "speed": null,
              "pass": false,
              "fail": true,
              "pending": false,
              "context": null,
              "code": "cy.visit('https://www.google.com/');\ncy.title().should('include', 'ogle');\ncy.title().should('eq', 'google');",
              "err": {
                "message": "AssertionError: Timed out retrying after 4000ms: expected 'Google' to equal 'google'",
                "estack": "AssertionError: Timed out retrying after 4000ms: expected 'Google' to equal 'google'\n    at Context.eval (webpack://wildtestautomation/./cypress/e2e/test/test1.cy.js:18:19)",
                "diff": "- 'Google'\n+ 'google'\n"
              },
              "uuid": "5d5e18ef-6064-49f1-827d-a69ce82a2ecf",
              "parentUUID": "a2fda4f6-93dd-4fc3-8a22-4a316f94d717",
              "isHook": false,
              "skipped": false
            }
          ],
          "suites": [],
          "passes": [
            "4beb0c21-de02-42a6-bab2-3aaa3f47f0d2"
          ],
          "failures": [
            "5d5e18ef-6064-49f1-827d-a69ce82a2ecf"
          ],
          "pending": [],
          "skipped": [],
          "duration": 6741,
          "root": false,
          "rootEmpty": false,
          "_timeout": 2000
        }
      ],
      "passes": [],
      "failures": [],
      "pending": [],
      "skipped": [],
      "duration": 0,
      "root": true,
      "rootEmpty": true,
      "_timeout": 2000
    }
  ],
  "meta": {
    "mocha": {
      "version": "7.0.1"
    },
    "mochawesome": {
      "options": {
        "quiet": false,
        "reportFilename": "mochawesome",
        "saveHtml": false,
        "saveJson": true,
        "consoleReporter": "spec",
        "useInlineDiffs": false,
        "code": true
      },
      "version": "7.1.3"
    },
    "marge": {
      "options": {
        "reportDir": "cypress\\reports\\html\\.jsons",
        "overwrite": false,
        "html": false,
        "json": true,
        "charts": true
      },
      "version": "6.2.0"
    }
  }
}