{
  "stats": {
    "suites": 1,
    "tests": 1,
    "passes": 1,
    "pending": 0,
    "failures": 0,
    "start": "2024-07-05T13:41:37.417Z",
    "end": "2024-07-05T13:41:43.394Z",
    "duration": 5977,
    "testsRegistered": 1,
    "passPercent": 100,
    "pendingPercent": 0,
    "other": 0,
    "hasOther": false,
    "skipped": 0,
    "hasSkipped": false
  },
  "results": [
    {
      "uuid": "3560164e-f6d6-4e09-baf2-61c866104e82",
      "title": "",
      "fullFile": "cypress\\e2e\\Quest-04-Plugins\\filebin.cy.js",
      "file": "cypress\\e2e\\Quest-04-Plugins\\filebin.cy.js",
      "beforeHooks": [],
      "afterHooks": [],
      "tests": [],
      "suites": [
        {
          "uuid": "7843b0f1-4e71-493a-88b7-20c29a729726",
          "title": "Plugin test - upload file",
          "fullFile": "",
          "file": "",
          "beforeHooks": [],
          "afterHooks": [],
          "tests": [
            {
              "title": "upload a photo",
              "fullTitle": "Plugin test - upload file upload a photo",
              "timedOut": null,
              "duration": 4275,
              "state": "passed",
              "speed": "fast",
              "pass": true,
              "fail": false,
              "pending": false,
              "context": null,
              "code": "cy.get('input[type=\"file\"]').selectFile(fileName);\ncy.contains('test-image.png').should('be.visible');\n;\ncy.get(':nth-child(10) > .me-3 > .btn').click();\ncy.get('.modal-body > .nav > .me-3 > .btn').click(); // tar\n//  cy.get(':nth-child(2) > .btn').click()  //zi[]\ncy.get('.mt-4 > .btn-danger').click();",
              "err": {},
              "uuid": "c2fd72cc-9923-48d1-a0b0-263f7378add3",
              "parentUUID": "7843b0f1-4e71-493a-88b7-20c29a729726",
              "isHook": false,
              "skipped": false
            }
          ],
          "suites": [],
          "passes": [
            "c2fd72cc-9923-48d1-a0b0-263f7378add3"
          ],
          "failures": [],
          "pending": [],
          "skipped": [],
          "duration": 4275,
          "root": false,
          "rootEmpty": false,
          "_timeout": 2000
        }
      ],
      "passes": [],
      "failures": [],
      "pending": [],
      "skipped": [],
      "duration": 0,
      "root": true,
      "rootEmpty": true,
      "_timeout": 2000
    }
  ],
  "meta": {
    "mocha": {
      "version": "7.0.1"
    },
    "mochawesome": {
      "options": {
        "quiet": false,
        "reportFilename": "mochawesome",
        "saveHtml": false,
        "saveJson": true,
        "consoleReporter": "spec",
        "useInlineDiffs": false,
        "code": true
      },
      "version": "7.1.3"
    },
    "marge": {
      "options": {
        "reportDir": "cypress\\reports\\html\\.jsons",
        "overwrite": false,
        "html": false,
        "json": true,
        "charts": true
      },
      "version": "6.2.0"
    }
  }
}