{
  "stats": {
    "suites": 1,
    "tests": 4,
    "passes": 4,
    "pending": 0,
    "failures": 0,
    "start": "2024-07-05T13:41:44.810Z",
    "end": "2024-07-05T13:41:55.965Z",
    "duration": 11155,
    "testsRegistered": 4,
    "passPercent": 100,
    "pendingPercent": 0,
    "other": 0,
    "hasOther": false,
    "skipped": 0,
    "hasSkipped": false
  },
  "results": [
    {
      "uuid": "7dcbf420-a866-43d2-b3a8-6f72280a982b",
      "title": "",
      "fullFile": "cypress\\e2e\\test\\gP.cy.js",
      "file": "cypress\\e2e\\test\\gP.cy.js",
      "beforeHooks": [],
      "afterHooks": [],
      "tests": [],
      "suites": [
        {
          "uuid": "6c7fd615-1f7c-454f-b518-521c8c081119",
          "title": "backmarket-registeration",
          "fullFile": "",
          "file": "",
          "beforeHooks": [],
          "afterHooks": [],
          "tests": [
            {
              "title": "url test",
              "fullTitle": "backmarket-registeration url test",
              "timedOut": null,
              "duration": 2499,
              "state": "passed",
              "speed": "fast",
              "pass": true,
              "fail": false,
              "pending": false,
              "context": null,
              "code": "cy.visit('https://preprod.backmarket.fr/fr-fr/register');\ncy.url().should('include', 'market');",
              "err": {},
              "uuid": "b54ed41d-f7c2-40b8-a8bf-4d19c032ae93",
              "parentUUID": "6c7fd615-1f7c-454f-b518-521c8c081119",
              "isHook": false,
              "skipped": false
            },
            {
              "title": "title test",
              "fullTitle": "backmarket-registeration title test",
              "timedOut": null,
              "duration": 1753,
              "state": "passed",
              "speed": "fast",
              "pass": true,
              "fail": false,
              "pending": false,
              "context": null,
              "code": "cy.visit('https://preprod.backmarket.fr/fr-fr/register');\ncy.title().should('include', 'ack');\ncy.title().should('eq', 'Rejoignez Back Market | Back Market | Back Market');",
              "err": {},
              "uuid": "ae32642c-a69c-46e9-a990-67744052bf6f",
              "parentUUID": "6c7fd615-1f7c-454f-b518-521c8c081119",
              "isHook": false,
              "skipped": false
            },
            {
              "title": "test accept cookies",
              "fullTitle": "backmarket-registeration test accept cookies",
              "timedOut": null,
              "duration": 1526,
              "state": "passed",
              "speed": "fast",
              "pass": true,
              "fail": false,
              "pending": false,
              "context": null,
              "code": "cy.visit('https://preprod.backmarket.fr/fr-fr/register');\ncy.get('[data-qa=\"accept-cta\"] > .MkLAMntR').click();",
              "err": {},
              "uuid": "414b4cdd-8991-451a-82a9-bab22728b101",
              "parentUUID": "6c7fd615-1f7c-454f-b518-521c8c081119",
              "isHook": false,
              "skipped": false
            },
            {
              "title": "inscription",
              "fullTitle": "backmarket-registeration inscription",
              "timedOut": null,
              "duration": 2972,
              "state": "passed",
              "speed": "fast",
              "pass": true,
              "fail": false,
              "pending": false,
              "context": null,
              "code": "cy.visit('https://preprod.backmarket.fr/fr-fr/register');\ncy.get('[data-qa=\"accept-cta\"] > .MkLAMntR').click();\ncy.get('#firstName').type('GALATA{enter}');\ncy.get('#lastName').type('SARAY{enter}');\ncy.get('#signup-email').type('galatasar@gmail.com{enter}');\ncy.get('#signup-password').type('verbaTim2098');\ncy.get('._2OVE0h6V').click();\ncy.get('[data-qa=\"signup-submit-button\"] > .MkLAMntR > ._2GvJDBxS').click();",
              "err": {},
              "uuid": "b74a94ec-0108-4aa2-aba3-c7cd09e2c275",
              "parentUUID": "6c7fd615-1f7c-454f-b518-521c8c081119",
              "isHook": false,
              "skipped": false
            }
          ],
          "suites": [],
          "passes": [
            "b54ed41d-f7c2-40b8-a8bf-4d19c032ae93",
            "ae32642c-a69c-46e9-a990-67744052bf6f",
            "414b4cdd-8991-451a-82a9-bab22728b101",
            "b74a94ec-0108-4aa2-aba3-c7cd09e2c275"
          ],
          "failures": [],
          "pending": [],
          "skipped": [],
          "duration": 8750,
          "root": false,
          "rootEmpty": false,
          "_timeout": 2000
        }
      ],
      "passes": [],
      "failures": [],
      "pending": [],
      "skipped": [],
      "duration": 0,
      "root": true,
      "rootEmpty": true,
      "_timeout": 2000
    }
  ],
  "meta": {
    "mocha": {
      "version": "7.0.1"
    },
    "mochawesome": {
      "options": {
        "quiet": false,
        "reportFilename": "mochawesome",
        "saveHtml": false,
        "saveJson": true,
        "consoleReporter": "spec",
        "useInlineDiffs": false,
        "code": true
      },
      "version": "7.1.3"
    },
    "marge": {
      "options": {
        "reportDir": "cypress\\reports\\html\\.jsons",
        "overwrite": false,
        "html": false,
        "json": true,
        "charts": true
      },
      "version": "6.2.0"
    }
  }
}