{
  "stats": {
    "suites": 1,
    "tests": 5,
    "passes": 5,
    "pending": 0,
    "failures": 0,
    "start": "2024-07-05T13:44:37.065Z",
    "end": "2024-07-05T13:44:40.043Z",
    "duration": 2978,
    "testsRegistered": 5,
    "passPercent": 100,
    "pendingPercent": 0,
    "other": 0,
    "hasOther": false,
    "skipped": 0,
    "hasSkipped": false
  },
  "results": [
    {
      "uuid": "e1e1f9f4-48c1-4281-a8c4-c3d4c60520f4",
      "title": "",
      "fullFile": "cypress\\e2e\\2-advanced-examples\\storage.cy.js",
      "file": "cypress\\e2e\\2-advanced-examples\\storage.cy.js",
      "beforeHooks": [],
      "afterHooks": [],
      "tests": [],
      "suites": [
        {
          "uuid": "cfa862c5-3f48-4a95-b011-063d11131d6a",
          "title": "Local Storage / Session Storage",
          "fullFile": "",
          "file": "",
          "beforeHooks": [],
          "afterHooks": [],
          "tests": [
            {
              "title": "cy.clearLocalStorage() - clear all data in localStorage for the current origin",
              "fullTitle": "Local Storage / Session Storage cy.clearLocalStorage() - clear all data in localStorage for the current origin",
              "timedOut": null,
              "duration": 731,
              "state": "passed",
              "speed": "fast",
              "pass": true,
              "fail": false,
              "pending": false,
              "context": null,
              "code": "// https://on.cypress.io/clearlocalstorage\ncy.get('.ls-btn').click();\ncy.get('.ls-btn').should(() => {\n  expect(localStorage.getItem('prop1')).to.eq('red');\n  expect(localStorage.getItem('prop2')).to.eq('blue');\n  expect(localStorage.getItem('prop3')).to.eq('magenta');\n});\ncy.clearLocalStorage();\ncy.getAllLocalStorage().should(() => {\n  expect(localStorage.getItem('prop1')).to.be.null;\n  expect(localStorage.getItem('prop2')).to.be.null;\n  expect(localStorage.getItem('prop3')).to.be.null;\n});\ncy.get('.ls-btn').click();\ncy.get('.ls-btn').should(() => {\n  expect(localStorage.getItem('prop1')).to.eq('red');\n  expect(localStorage.getItem('prop2')).to.eq('blue');\n  expect(localStorage.getItem('prop3')).to.eq('magenta');\n});\n// Clear key matching string in localStorage\ncy.clearLocalStorage('prop1');\ncy.getAllLocalStorage().should(() => {\n  expect(localStorage.getItem('prop1')).to.be.null;\n  expect(localStorage.getItem('prop2')).to.eq('blue');\n  expect(localStorage.getItem('prop3')).to.eq('magenta');\n});\ncy.get('.ls-btn').click();\ncy.get('.ls-btn').should(() => {\n  expect(localStorage.getItem('prop1')).to.eq('red');\n  expect(localStorage.getItem('prop2')).to.eq('blue');\n  expect(localStorage.getItem('prop3')).to.eq('magenta');\n});\n// Clear keys matching regex in localStorage\ncy.clearLocalStorage(/prop1|2/);\ncy.getAllLocalStorage().should(() => {\n  expect(localStorage.getItem('prop1')).to.be.null;\n  expect(localStorage.getItem('prop2')).to.be.null;\n  expect(localStorage.getItem('prop3')).to.eq('magenta');\n});",
              "err": {},
              "uuid": "0d19c9bc-492c-4e20-80a1-075d9cb0af21",
              "parentUUID": "cfa862c5-3f48-4a95-b011-063d11131d6a",
              "isHook": false,
              "skipped": false
            },
            {
              "title": "cy.getAllLocalStorage() - get all data in localStorage for all origins",
              "fullTitle": "Local Storage / Session Storage cy.getAllLocalStorage() - get all data in localStorage for all origins",
              "timedOut": null,
              "duration": 382,
              "state": "passed",
              "speed": "fast",
              "pass": true,
              "fail": false,
              "pending": false,
              "context": null,
              "code": "// https://on.cypress.io/getalllocalstorage\ncy.get('.ls-btn').click();\n// getAllLocalStorage() yields a map of origins to localStorage values\ncy.getAllLocalStorage().should(storageMap => {\n  expect(storageMap).to.deep.equal({\n    // other origins will also be present if localStorage is set on them\n    'https://example.cypress.io': {\n      'prop1': 'red',\n      'prop2': 'blue',\n      'prop3': 'magenta'\n    }\n  });\n});",
              "err": {},
              "uuid": "39bdb23f-f9de-46de-8428-3810f849bbad",
              "parentUUID": "cfa862c5-3f48-4a95-b011-063d11131d6a",
              "isHook": false,
              "skipped": false
            },
            {
              "title": "cy.clearAllLocalStorage() - clear all data in localStorage for all origins",
              "fullTitle": "Local Storage / Session Storage cy.clearAllLocalStorage() - clear all data in localStorage for all origins",
              "timedOut": null,
              "duration": 205,
              "state": "passed",
              "speed": "fast",
              "pass": true,
              "fail": false,
              "pending": false,
              "context": null,
              "code": "// https://on.cypress.io/clearalllocalstorage\ncy.get('.ls-btn').click();\n// clearAllLocalStorage() yields null\ncy.clearAllLocalStorage();\ncy.getAllLocalStorage().should(() => {\n  expect(localStorage.getItem('prop1')).to.be.null;\n  expect(localStorage.getItem('prop2')).to.be.null;\n  expect(localStorage.getItem('prop3')).to.be.null;\n});",
              "err": {},
              "uuid": "c650df6f-c5e0-4143-b2fd-225870ea689a",
              "parentUUID": "cfa862c5-3f48-4a95-b011-063d11131d6a",
              "isHook": false,
              "skipped": false
            },
            {
              "title": "cy.getAllSessionStorage() - get all data in sessionStorage for all origins",
              "fullTitle": "Local Storage / Session Storage cy.getAllSessionStorage() - get all data in sessionStorage for all origins",
              "timedOut": null,
              "duration": 233,
              "state": "passed",
              "speed": "fast",
              "pass": true,
              "fail": false,
              "pending": false,
              "context": null,
              "code": "// https://on.cypress.io/getallsessionstorage\ncy.get('.ls-btn').click();\n// getAllSessionStorage() yields a map of origins to sessionStorage values\ncy.getAllSessionStorage().should(storageMap => {\n  expect(storageMap).to.deep.equal({\n    // other origins will also be present if sessionStorage is set on them\n    'https://example.cypress.io': {\n      'prop4': 'cyan',\n      'prop5': 'yellow',\n      'prop6': 'black'\n    }\n  });\n});",
              "err": {},
              "uuid": "2dc18046-2be2-4268-9a3b-299ab06c1f8e",
              "parentUUID": "cfa862c5-3f48-4a95-b011-063d11131d6a",
              "isHook": false,
              "skipped": false
            },
            {
              "title": "cy.clearAllSessionStorage() - clear all data in sessionStorage for all origins",
              "fullTitle": "Local Storage / Session Storage cy.clearAllSessionStorage() - clear all data in sessionStorage for all origins",
              "timedOut": null,
              "duration": 211,
              "state": "passed",
              "speed": "fast",
              "pass": true,
              "fail": false,
              "pending": false,
              "context": null,
              "code": "// https://on.cypress.io/clearallsessionstorage\ncy.get('.ls-btn').click();\n// clearAllSessionStorage() yields null\ncy.clearAllSessionStorage();\ncy.getAllSessionStorage().should(() => {\n  expect(sessionStorage.getItem('prop4')).to.be.null;\n  expect(sessionStorage.getItem('prop5')).to.be.null;\n  expect(sessionStorage.getItem('prop6')).to.be.null;\n});",
              "err": {},
              "uuid": "f8382237-17db-4785-8fab-5e44e9aa460c",
              "parentUUID": "cfa862c5-3f48-4a95-b011-063d11131d6a",
              "isHook": false,
              "skipped": false
            }
          ],
          "suites": [],
          "passes": [
            "0d19c9bc-492c-4e20-80a1-075d9cb0af21",
            "39bdb23f-f9de-46de-8428-3810f849bbad",
            "c650df6f-c5e0-4143-b2fd-225870ea689a",
            "2dc18046-2be2-4268-9a3b-299ab06c1f8e",
            "f8382237-17db-4785-8fab-5e44e9aa460c"
          ],
          "failures": [],
          "pending": [],
          "skipped": [],
          "duration": 1762,
          "root": false,
          "rootEmpty": false,
          "_timeout": 2000
        }
      ],
      "passes": [],
      "failures": [],
      "pending": [],
      "skipped": [],
      "duration": 0,
      "root": true,
      "rootEmpty": true,
      "_timeout": 2000
    }
  ],
  "meta": {
    "mocha": {
      "version": "7.0.1"
    },
    "mochawesome": {
      "options": {
        "quiet": false,
        "reportFilename": "mochawesome",
        "saveHtml": false,
        "saveJson": true,
        "consoleReporter": "spec",
        "useInlineDiffs": false,
        "code": true
      },
      "version": "7.1.3"
    },
    "marge": {
      "options": {
        "reportDir": "cypress\\reports\\html\\.jsons",
        "overwrite": false,
        "html": false,
        "json": true,
        "charts": true
      },
      "version": "6.2.0"
    }
  }
}