{
  "stats": {
    "suites": 1,
    "tests": 1,
    "passes": 0,
    "pending": 0,
    "failures": 1,
    "start": "2024-07-05T13:43:01.959Z",
    "end": "2024-07-05T13:43:02.504Z",
    "duration": 545,
    "testsRegistered": 2,
    "passPercent": 0,
    "pendingPercent": 0,
    "other": 0,
    "hasOther": false,
    "skipped": 1,
    "hasSkipped": true
  },
  "results": [
    {
      "uuid": "c79c588a-9e47-48be-b712-88cc95c30488",
      "title": "",
      "fullFile": "cypress\\e2e\\test\\test-template.cy.js",
      "file": "cypress\\e2e\\test\\test-template.cy.js",
      "beforeHooks": [],
      "afterHooks": [],
      "tests": [],
      "suites": [
        {
          "uuid": "c6c0ab3a-f707-4666-b2f7-36cb71d9ab2b",
          "title": "",
          "fullFile": "",
          "file": "",
          "beforeHooks": [],
          "afterHooks": [],
          "tests": [
            {
              "title": "",
              "fullTitle": " ",
              "timedOut": null,
              "duration": 499,
              "state": "failed",
              "speed": null,
              "pass": false,
              "fail": true,
              "pending": false,
              "context": null,
              "code": "",
              "err": {
                "message": "CypressError: `cy.visit()` failed trying to load:\n\n/\n\nWe failed looking for this file at the path:\n\n/Users/ekara/Desktop/wildTestAutomation/\n\nThe internal Cypress web server responded with:\n\n  > 404: Not Found\n\nBecause this error occurred during a `before each` hook we are skipping all of the remaining tests.",
                "estack": "CypressError: `cy.visit()` failed trying to load:\n\n/\n\nWe failed looking for this file at the path:\n\n/Users/ekara/Desktop/wildTestAutomation/\n\nThe internal Cypress web server responded with:\n\n  > 404: Not Found\n\nBecause this error occurred during a `before each` hook we are skipping all of the remaining tests.\n    at <unknown> (http://localhost:62375/__cypress/runner/cypress_runner.js:131491:76)\n    at visitFailedByErr (http://localhost:62375/__cypress/runner/cypress_runner.js:130906:12)\n    at <unknown> (http://localhost:62375/__cypress/runner/cypress_runner.js:131474:13)\n    at tryCatcher (http://localhost:62375/__cypress/runner/cypress_runner.js:1807:23)\n    at Promise._settlePromiseFromHandler (http://localhost:62375/__cypress/runner/cypress_runner.js:1519:31)\n    at Promise._settlePromise (http://localhost:62375/__cypress/runner/cypress_runner.js:1576:18)\n    at Promise._settlePromise0 (http://localhost:62375/__cypress/runner/cypress_runner.js:1621:10)\n    at Promise._settlePromises (http://localhost:62375/__cypress/runner/cypress_runner.js:1697:18)\n    at _drainQueueStep (http://localhost:62375/__cypress/runner/cypress_runner.js:2407:12)\n    at _drainQueue (http://localhost:62375/__cypress/runner/cypress_runner.js:2400:9)\n    at Async._drainQueues (http://localhost:62375/__cypress/runner/cypress_runner.js:2416:5)\n    at Async.drainQueues (http://localhost:62375/__cypress/runner/cypress_runner.js:2286:14)\nFrom Your Spec Code:\n    at Context.eval (webpack://wildtestautomation/./cypress/e2e/test/test-template.cy.js:5:11)",
                "diff": null
              },
              "uuid": "fbe446da-20d2-41c9-8e94-d831ec2fcd1f",
              "parentUUID": "c6c0ab3a-f707-4666-b2f7-36cb71d9ab2b",
              "isHook": false,
              "skipped": false
            },
            {
              "title": "",
              "fullTitle": " ",
              "timedOut": null,
              "duration": 0,
              "state": "skipped",
              "speed": null,
              "pass": false,
              "fail": false,
              "pending": false,
              "context": null,
              "code": "",
              "err": {},
              "uuid": "5d664902-4aa5-4457-acbf-abc73d07b907",
              "parentUUID": "c6c0ab3a-f707-4666-b2f7-36cb71d9ab2b",
              "isHook": false,
              "skipped": true
            }
          ],
          "suites": [],
          "passes": [],
          "failures": [
            "fbe446da-20d2-41c9-8e94-d831ec2fcd1f"
          ],
          "pending": [],
          "skipped": [
            "5d664902-4aa5-4457-acbf-abc73d07b907"
          ],
          "duration": 499,
          "root": false,
          "rootEmpty": false,
          "_timeout": 2000
        }
      ],
      "passes": [],
      "failures": [],
      "pending": [],
      "skipped": [],
      "duration": 0,
      "root": true,
      "rootEmpty": true,
      "_timeout": 2000
    }
  ],
  "meta": {
    "mocha": {
      "version": "7.0.1"
    },
    "mochawesome": {
      "options": {
        "quiet": false,
        "reportFilename": "mochawesome",
        "saveHtml": false,
        "saveJson": true,
        "consoleReporter": "spec",
        "useInlineDiffs": false,
        "code": true
      },
      "version": "7.1.3"
    },
    "marge": {
      "options": {
        "reportDir": "cypress\\reports\\html\\.jsons",
        "overwrite": false,
        "html": false,
        "json": true,
        "charts": true
      },
      "version": "6.2.0"
    }
  }
}